<?xml version="1.0" encoding="UTF-8"?>
<testsuite xmlns:xsi="http://www.w3.org/2001/XMLSchema-instance" xsi:noNamespaceSchemaLocation="https://maven.apache.org/surefire/maven-surefire-plugin/xsd/surefire-test-report-3.0.xsd" version="3.0" name="boulderdash.utils.PositionTest" time="0.002" tests="19" errors="0" skipped="0" failures="0">
  <properties>
    <property name="java.specification.version" value="20"/>
    <property name="sun.cpu.isalist" value="amd64"/>
    <property name="sun.jnu.encoding" value="Cp1252"/>
    <property name="java.class.path" value="C:\Users\paoss\Desktop\Java_project\MAJ\sixprojet\target\test-classes;C:\Users\paoss\Desktop\Java_project\MAJ\sixprojet\target\classes;C:\Users\paoss\.m2\repository\junit\junit\4.11\junit-4.11.jar;C:\Users\paoss\.m2\repository\org\hamcrest\hamcrest-core\1.3\hamcrest-core-1.3.jar;C:\Users\paoss\.m2\repository\log4j\log4j\1.2.16\log4j-1.2.16.jar;C:\Users\paoss\.m2\repository\com\thoughtworks\xstream\xstream\1.4.3\xstream-1.4.3.jar;C:\Users\paoss\.m2\repository\xmlpull\xmlpull\1.1.3.1\xmlpull-1.1.3.1.jar;C:\Users\paoss\.m2\repository\xpp3\xpp3_min\1.1.4c\xpp3_min-1.1.4c.jar;C:\Users\paoss\.m2\repository\org\apache\directory\studio\org.apache.commons.lang\2.6\org.apache.commons.lang-2.6.jar;C:\Users\paoss\.m2\repository\commons-lang\commons-lang\2.6\commons-lang-2.6.jar;C:\Users\paoss\.m2\repository\org\reflections\reflections\0.9.8\reflections-0.9.8.jar;C:\Users\paoss\.m2\repository\javassist\javassist\3.12.1.GA\javassist-3.12.1.GA.jar;C:\Users\paoss\.m2\repository\dom4j\dom4j\1.6.1\dom4j-1.6.1.jar;C:\Users\paoss\.m2\repository\xml-apis\xml-apis\1.0.b2\xml-apis-1.0.b2.jar;C:\Users\paoss\.m2\repository\com\google\guava\guava\11.0.2\guava-11.0.2.jar;C:\Users\paoss\.m2\repository\com\google\code\findbugs\jsr305\1.3.9\jsr305-1.3.9.jar;C:\Users\paoss\.m2\repository\org\xerial\sqlite-jdbc\3.7.2\sqlite-jdbc-3.7.2.jar;"/>
    <property name="java.vm.vendor" value="Oracle Corporation"/>
    <property name="sun.arch.data.model" value="64"/>
    <property name="user.variant" value=""/>
    <property name="java.vendor.url" value="https://java.oracle.com/"/>
    <property name="user.timezone" value="Africa/Douala"/>
    <property name="os.name" value="Windows 10"/>
    <property name="java.vm.specification.version" value="20"/>
    <property name="sun.java.launcher" value="SUN_STANDARD"/>
    <property name="user.country" value="FR"/>
    <property name="sun.boot.library.path" value="C:\Program Files\Java\jdk-20\bin"/>
    <property name="sun.java.command" value="C:\Users\paoss\AppData\Local\Temp\surefire15150460578745453340\surefirebooter-20231112092113691_3.jar C:\Users\paoss\AppData\Local\Temp\surefire15150460578745453340 2023-11-12T09-21-12_454-jvmRun1 surefire-20231112092113691_1tmp surefire_0-20231112092113691_2tmp"/>
    <property name="jdk.debug" value="release"/>
    <property name="surefire.test.class.path" value="C:\Users\paoss\Desktop\Java_project\MAJ\sixprojet\target\test-classes;C:\Users\paoss\Desktop\Java_project\MAJ\sixprojet\target\classes;C:\Users\paoss\.m2\repository\junit\junit\4.11\junit-4.11.jar;C:\Users\paoss\.m2\repository\org\hamcrest\hamcrest-core\1.3\hamcrest-core-1.3.jar;C:\Users\paoss\.m2\repository\log4j\log4j\1.2.16\log4j-1.2.16.jar;C:\Users\paoss\.m2\repository\com\thoughtworks\xstream\xstream\1.4.3\xstream-1.4.3.jar;C:\Users\paoss\.m2\repository\xmlpull\xmlpull\1.1.3.1\xmlpull-1.1.3.1.jar;C:\Users\paoss\.m2\repository\xpp3\xpp3_min\1.1.4c\xpp3_min-1.1.4c.jar;C:\Users\paoss\.m2\repository\org\apache\directory\studio\org.apache.commons.lang\2.6\org.apache.commons.lang-2.6.jar;C:\Users\paoss\.m2\repository\commons-lang\commons-lang\2.6\commons-lang-2.6.jar;C:\Users\paoss\.m2\repository\org\reflections\reflections\0.9.8\reflections-0.9.8.jar;C:\Users\paoss\.m2\repository\javassist\javassist\3.12.1.GA\javassist-3.12.1.GA.jar;C:\Users\paoss\.m2\repository\dom4j\dom4j\1.6.1\dom4j-1.6.1.jar;C:\Users\paoss\.m2\repository\xml-apis\xml-apis\1.0.b2\xml-apis-1.0.b2.jar;C:\Users\paoss\.m2\repository\com\google\guava\guava\11.0.2\guava-11.0.2.jar;C:\Users\paoss\.m2\repository\com\google\code\findbugs\jsr305\1.3.9\jsr305-1.3.9.jar;C:\Users\paoss\.m2\repository\org\xerial\sqlite-jdbc\3.7.2\sqlite-jdbc-3.7.2.jar;"/>
    <property name="sun.cpu.endian" value="little"/>
    <property name="user.home" value="C:\Users\paoss"/>
    <property name="user.language" value="fr"/>
    <property name="java.specification.vendor" value="Oracle Corporation"/>
    <property name="java.version.date" value="2023-07-18"/>
    <property name="java.home" value="C:\Program Files\Java\jdk-20"/>
    <property name="file.separator" value="\"/>
    <property name="basedir" value="C:\Users\paoss\Desktop\Java_project\MAJ\sixprojet"/>
    <property name="style.color" value="always"/>
    <property name="java.vm.compressedOopsMode" value="32-bit"/>
    <property name="line.separator" value="&#10;"/>
    <property name="java.vm.specification.vendor" value="Oracle Corporation"/>
    <property name="java.specification.name" value="Java Platform API Specification"/>
    <property name="surefire.real.class.path" value="C:\Users\paoss\AppData\Local\Temp\surefire15150460578745453340\surefirebooter-20231112092113691_3.jar"/>
    <property name="user.script" value=""/>
    <property name="sun.management.compiler" value="HotSpot 64-Bit Tiered Compilers"/>
    <property name="java.runtime.version" value="20.0.2+9-78"/>
    <property name="user.name" value="paoss"/>
    <property name="stdout.encoding" value="Cp1252"/>
    <property name="path.separator" value=";"/>
    <property name="os.version" value="10.0"/>
    <property name="java.runtime.name" value="Java(TM) SE Runtime Environment"/>
    <property name="file.encoding" value="UTF-8"/>
    <property name="java.vm.name" value="Java HotSpot(TM) 64-Bit Server VM"/>
    <property name="localRepository" value="C:\Users\paoss\.m2\repository"/>
    <property name="java.vendor.url.bug" value="https://bugreport.java.com/bugreport/"/>
    <property name="java.io.tmpdir" value="C:\Users\paoss\AppData\Local\Temp\"/>
    <property name="java.version" value="20.0.2"/>
    <property name="user.dir" value="C:\Users\paoss\Desktop\Java_project\MAJ\sixprojet"/>
    <property name="os.arch" value="amd64"/>
    <property name="java.vm.specification.name" value="Java Virtual Machine Specification"/>
    <property name="sun.os.patch.level" value=""/>
    <property name="native.encoding" value="Cp1252"/>
    <property name="java.library.path" value="C:\Program Files\Java\jdk-20\bin;C:\Windows\Sun\Java\bin;C:\Windows\system32;C:\Windows;C:\Program Files (x86)\Common Files\Intel\Shared Libraries\redist\intel64\compiler;C:\Program Files\Python311\Scripts\;C:\Program Files\Python311\;C:\Program Files\Common Files\Oracle\Java\javapath;C:\Program Files (x86)\Common Files\Oracle\Java\javapath;C:\Windows\system32;C:\Windows;C:\Windows\System32\Wbem;C:\Windows\System32\WindowsPowerShell\v1.0\;C:\Windows\System32\OpenSSH\;C:\Program Files\dotnet\;C:\ProgramData\chocolatey\bin;C:\Program Files\Microsoft SQL Server\150\Tools\Binn\;C:\Program Files (x86)\Yarn\bin\;C:\Program Files\nodejs\;C:\DEV_TOOLS\apache-maven-3.9.5\bin;C:\DEV_TOOLS\sqlite3;C:\Users\paoss\AppData\Local\Microsoft\WindowsApps;C:\Users\paoss\AppData\Local\Programs\Microsoft VS Code\bin;C:\;C:\Users\paoss\AppData\Local\GitHubDesktop\bin;C:\Users\paoss\AppData\Local\Yarn\bin;C:\Users\paoss\AppData\Roaming\npm;."/>
    <property name="java.vm.info" value="mixed mode, sharing"/>
    <property name="stderr.encoding" value="Cp1252"/>
    <property name="java.vendor" value="Oracle Corporation"/>
    <property name="java.vm.version" value="20.0.2+9-78"/>
    <property name="sun.io.unicode.encoding" value="UnicodeLittle"/>
    <property name="java.class.version" value="64.0"/>
  </properties>
  <testcase name="testAdd_1" classname="boulderdash.utils.PositionTest" time="0.0"/>
  <testcase name="testMul_1" classname="boulderdash.utils.PositionTest" time="0.0"/>
  <testcase name="testSub_1" classname="boulderdash.utils.PositionTest" time="0.001"/>
  <testcase name="testHashCode_1" classname="boulderdash.utils.PositionTest" time="0.0"/>
  <testcase name="testClone_1" classname="boulderdash.utils.PositionTest" time="0.0"/>
  <testcase name="testPosition_1" classname="boulderdash.utils.PositionTest" time="0.0"/>
  <testcase name="testPosition_2" classname="boulderdash.utils.PositionTest" time="0.0"/>
  <testcase name="testPosition_3" classname="boulderdash.utils.PositionTest" time="0.0"/>
  <testcase name="testToString_1" classname="boulderdash.utils.PositionTest" time="0.0"/>
  <testcase name="testEquals_1" classname="boulderdash.utils.PositionTest" time="0.0"/>
  <testcase name="testEquals_2" classname="boulderdash.utils.PositionTest" time="0.0"/>
  <testcase name="testEquals_3" classname="boulderdash.utils.PositionTest" time="0.0"/>
  <testcase name="testEquals_4" classname="boulderdash.utils.PositionTest" time="0.0"/>
  <testcase name="testEquals_5" classname="boulderdash.utils.PositionTest" time="0.0"/>
  <testcase name="testEquals_6" classname="boulderdash.utils.PositionTest" time="0.0"/>
  <testcase name="testGetX_1" classname="boulderdash.utils.PositionTest" time="0.0"/>
  <testcase name="testGetY_1" classname="boulderdash.utils.PositionTest" time="0.0"/>
  <testcase name="testSetX_1" classname="boulderdash.utils.PositionTest" time="0.0"/>
  <testcase name="testSetY_1" classname="boulderdash.utils.PositionTest" time="0.0"/>
</testsuite>